<?xml version="1.0" encoding="UTF-8"?>
<!-- Generated by org.testng.reporters.JUnitReportReporter -->
<testsuite hostname="Arvind" failures="0" tests="7" name="com.TestNG.Amazon_TestNG" time="20.960" errors="0" timestamp="2023-01-10T11:54:30 IST" skipped="0">
  <testcase classname="com.TestNG.Amazon_TestNG" name="dropDown" time="0.532"/>
  <system-out/>
  <testcase classname="com.TestNG.Amazon_TestNG" name="productInput" time="3.743"/>
  <system-out/>
  <testcase classname="com.TestNG.Amazon_TestNG" name="firstProductNamePrice" time="3.263"/>
  <system-out/>
  <testcase classname="com.TestNG.Amazon_TestNG" name="windowsTitle" time="4.045"/>
  <system-out/>
  <testcase classname="com.TestNG.Amazon_TestNG" name="compareTitlePrice" time="0.041"/>
  <system-out/>
  <testcase classname="com.TestNG.Amazon_TestNG" name="proceedCheckOut" time="9.158"/>
  <system-out/>
  <testcase classname="com.TestNG.Amazon_TestNG" name="screenShot" time="0.178"/>
  <system-out/>
</testsuite> <!-- com.TestNG.Amazon_TestNG -->
