<?xml version="1.0" encoding="UTF-8"?>
<!-- Generated by org.testng.reporters.JUnitReportReporter -->
<testsuite hostname="Arvind" failures="0" tests="7" name="com.Mini_Project.AmazonNew.AmazonTestNG" time="25.159" errors="0" timestamp="2023-01-20T13:36:32 IST" skipped="0">
  <testcase classname="com.Mini_Project.AmazonNew.AmazonTestNG" name="dropDown" time="0.529"/>
  <system-out/>
  <testcase classname="com.Mini_Project.AmazonNew.AmazonTestNG" name="productInput" time="7.265"/>
  <system-out/>
  <testcase classname="com.Mini_Project.AmazonNew.AmazonTestNG" name="firstProductNamePrice" time="3.195"/>
  <system-out/>
  <testcase classname="com.Mini_Project.AmazonNew.AmazonTestNG" name="windowsTitle" time="4.030"/>
  <system-out/>
  <testcase classname="com.Mini_Project.AmazonNew.AmazonTestNG" name="compareTitlePrice" time="0.332"/>
  <system-out/>
  <testcase classname="com.Mini_Project.AmazonNew.AmazonTestNG" name="proceedCheckOut" time="9.672"/>
  <system-out/>
  <testcase classname="com.Mini_Project.AmazonNew.AmazonTestNG" name="screenShot" time="0.136"/>
  <system-out/>
</testsuite> <!-- com.Mini_Project.AmazonNew.AmazonTestNG -->
