<?xml version="1.0" encoding="UTF-8"?>
<!-- Generated by org.testng.reporters.JUnitReportReporter -->
<testsuite hostname="Arvind" failures="0" tests="9" name="com.TestNG.Facebook_TestNG1" time="20.553" errors="0" timestamp="2023-01-11T12:00:43 IST" skipped="0">
  <testcase classname="com.TestNG.Facebook_TestNG1" name="znputUserNamePassword" time="0.162"/>
  <system-out/>
  <testcase classname="com.TestNG.Facebook_TestNG1" name="multipleClick" time="5.087"/>
  <system-out/>
  <testcase classname="com.TestNG.Facebook_TestNG1" name="login" time="0.069"/>
  <system-out/>
  <testcase classname="com.TestNG.Facebook_TestNG1" name="checkPageTitle" time="0.014"/>
  <system-out/>
  <testcase classname="com.TestNG.Facebook_TestNG1" name="multipleClick" time="5.058"/>
  <system-out/>
  <testcase classname="com.TestNG.Facebook_TestNG1" name="screenShot" time="1.346"/>
  <system-out/>
  <testcase classname="com.TestNG.Facebook_TestNG1" name="registration" time="5.535"/>
  <system-out/>
  <testcase classname="com.TestNG.Facebook_TestNG1" name="screenShot1" time="0.200"/>
  <system-out/>
  <testcase classname="com.TestNG.Facebook_TestNG1" name="compareWebPage" time="3.082"/>
  <system-out/>
</testsuite> <!-- com.TestNG.Facebook_TestNG1 -->
