<?xml version="1.0" encoding="UTF-8"?>
<!-- Generated by org.testng.reporters.JUnitReportReporter -->
<testsuite hostname="Arvind" failures="0" tests="6" name="com.Mini_Project.AmazonNew.AmazonTestNG1" time="16.202" errors="0" timestamp="2023-01-20T13:38:51 IST" skipped="0">
  <testcase classname="com.Mini_Project.AmazonNew.AmazonTestNG1" name="dropDown" time="0.496"/>
  <system-out/>
  <testcase classname="com.Mini_Project.AmazonNew.AmazonTestNG1" name="productInput" time="7.842"/>
  <system-out/>
  <testcase classname="com.Mini_Project.AmazonNew.AmazonTestNG1" name="firstProductNamePrice" time="3.285"/>
  <system-out/>
  <testcase classname="com.Mini_Project.AmazonNew.AmazonTestNG1" name="windowsTitle" time="4.085"/>
  <system-out/>
  <testcase classname="com.Mini_Project.AmazonNew.AmazonTestNG1" name="compareTitlePrice" time="0.216"/>
  <system-out/>
  <testcase classname="com.Mini_Project.AmazonNew.AmazonTestNG1" name="screenShot" time="0.278"/>
  <system-out/>
</testsuite> <!-- com.Mini_Project.AmazonNew.AmazonTestNG1 -->
