<?xml version="1.0" encoding="UTF-8"?>
<!-- Generated by org.testng.reporters.JUnitReportReporter -->
<testsuite hostname="Arvind" failures="0" tests="7" name="com.TestNG.Facebook_TestNG" time="14.977" errors="0" timestamp="2023-01-10T12:39:01 IST" skipped="0">
  <testcase classname="com.TestNG.Facebook_TestNG" name="checkPageTitle" time="0.008"/>
  <system-out/>
  <testcase classname="com.TestNG.Facebook_TestNG" name="inputUserNamePassword" time="0.090"/>
  <system-out/>
  <testcase classname="com.TestNG.Facebook_TestNG" name="login" time="0.033"/>
  <system-out/>
  <testcase classname="com.TestNG.Facebook_TestNG" name="screenShot" time="7.682"/>
  <system-out/>
  <testcase classname="com.TestNG.Facebook_TestNG" name="registration" time="3.940"/>
  <system-out/>
  <testcase classname="com.TestNG.Facebook_TestNG" name="screenShot1" time="0.179"/>
  <system-out/>
  <testcase classname="com.TestNG.Facebook_TestNG" name="compareWebPage" time="3.045"/>
  <system-out/>
</testsuite> <!-- com.TestNG.Facebook_TestNG -->
