<?xml version="1.0" encoding="UTF-8"?>
<!-- Generated by org.testng.reporters.JUnitReportReporter -->
<testsuite hostname="Arvind" failures="0" tests="6" name="com.TestNG.Amazon_TestNG1" time="14.897" errors="0" timestamp="2023-01-18T09:53:33 IST" skipped="0">
  <testcase classname="com.TestNG.Amazon_TestNG1" name="dropDown" time="0.890"/>
  <system-out/>
  <testcase classname="com.TestNG.Amazon_TestNG1" name="productInput" time="5.675"/>
  <system-out/>
  <testcase classname="com.TestNG.Amazon_TestNG1" name="firstProductNamePrice" time="3.327"/>
  <system-out/>
  <testcase classname="com.TestNG.Amazon_TestNG1" name="windowsTitle" time="4.044"/>
  <system-out/>
  <testcase classname="com.TestNG.Amazon_TestNG1" name="compareTitlePrice" time="0.529"/>
  <system-out/>
  <testcase classname="com.TestNG.Amazon_TestNG1" name="screenShot" time="0.432"/>
  <system-out/>
</testsuite> <!-- com.TestNG.Amazon_TestNG1 -->
